<?xml version="1.0" encoding="UTF-8"?>
<testng-results ignored="0" total="1" passed="1" failed="0" skipped="0">
  <reporter-output>
  </reporter-output>
  <suite started-at="2021-10-28T22:48:23 IST" name="Default suite" finished-at="2021-10-28T22:48:57 IST" duration-ms="34291">
    <groups>
    </groups>
    <test started-at="2021-10-28T22:48:23 IST" name="Default test" finished-at="2021-10-28T22:48:57 IST" duration-ms="34291">
      <class name="base.baseclass">
        <test-method signature="setup()[pri:0, instance:base.baseclass@34f5090e]" started-at="2021-10-28T22:48:23 IST" name="setup" finished-at="2021-10-28T22:48:57 IST" duration-ms="34202" status="PASS">
          <reporter-output>
          </reporter-output>
        </test-method> <!-- setup -->
      </class> <!-- base.baseclass -->
    </test> <!-- Default test -->
  </suite> <!-- Default suite -->
</testng-results>
